Dec 02 16:18:39  [info] $Fatal Error Details = Array
(
    [message] => We can't load the requested web page. This page requires cookies to be enabled in your browser settings. Please check this setting and enable cookies (if they are not enabled). Then try again. If this error persists, contact the site adminstrator for assistance.<br /><br />Site Administrators: This error may indicate that users are accessing this page using a domain or URL other than the configured Base URL. EXAMPLE: Base URL is http://example.org, but some users are accessing the page via http://www.example.org or a domain alias like http://myotherexample.org.<br /><br />Error type: Could not find a valid session key.
    [code] => 
)


Dec 02 16:18:39  [info] $backTrace = #0 /homepages/41/d483464789/htdocs/membership/wp-content/plugins/civicrm/civicrm/CRM/Core/Error.php(320): CRM_Core_Error::backtrace("backTrace", TRUE)
#1 /homepages/41/d483464789/htdocs/membership/wp-content/plugins/civicrm/civicrm/CRM/Core/Controller.php(795): CRM_Core_Error::fatal("We can't load the requested web page. This page requires cookies to be enable...")
#2 /homepages/41/d483464789/htdocs/membership/wp-content/plugins/civicrm/civicrm/CRM/Core/Controller.php(809): CRM_Core_Controller->invalidKeyCommon()
#3 /homepages/41/d483464789/htdocs/membership/wp-content/plugins/civicrm/civicrm/CRM/Contribute/Form/ContributionBase.php(205): CRM_Core_Controller->invalidKeyRedirect()
#4 /homepages/41/d483464789/htdocs/membership/wp-content/plugins/civicrm/civicrm/CRM/Contribute/Form/Contribution/Main.php(69): CRM_Contribute_Form_ContributionBase->preProcess()
#5 /homepages/41/d483464789/htdocs/membership/wp-content/plugins/civicrm/civicrm/CRM/Core/Form.php(351): CRM_Contribute_Form_Contribution_Main->preProcess()
#6 /homepages/41/d483464789/htdocs/membership/wp-content/plugins/civicrm/civicrm/CRM/Core/QuickForm/Action/Display.php(93): CRM_Core_Form->buildForm()
#7 /homepages/41/d483464789/htdocs/membership/wp-content/plugins/civicrm/civicrm/packages/HTML/QuickForm/Controller.php(203): CRM_Core_QuickForm_Action_Display->perform(Object(CRM_Contribute_Form_Contribution_Main), "display")
#8 /homepages/41/d483464789/htdocs/membership/wp-content/plugins/civicrm/civicrm/packages/HTML/QuickForm/Page.php(103): HTML_QuickForm_Controller->handle(Object(CRM_Contribute_Form_Contribution_Main), "display")
#9 /homepages/41/d483464789/htdocs/membership/wp-content/plugins/civicrm/civicrm/CRM/Core/Controller.php(345): HTML_QuickForm_Page->handle("display")
#10 /homepages/41/d483464789/htdocs/membership/wp-content/plugins/civicrm/civicrm/CRM/Core/Invoke.php(323): CRM_Core_Controller->run((Array:3), NULL)
#11 /homepages/41/d483464789/htdocs/membership/wp-content/plugins/civicrm/civicrm/CRM/Core/Invoke.php(72): CRM_Core_Invoke::runItem((Array:15))
#12 /homepages/41/d483464789/htdocs/membership/wp-content/plugins/civicrm/civicrm/CRM/Core/Invoke.php(52): CRM_Core_Invoke::_invoke((Array:3))
#13 /homepages/41/d483464789/htdocs/membership/wp-content/plugins/civicrm/civicrm.php(463): CRM_Core_Invoke::invoke((Array:3))
#14 [internal function](): CiviCRM_For_WordPress->invoke("")
#15 /homepages/41/d483464789/htdocs/membership/wp-includes/plugin.php(429): call_user_func_array((Array:2), (Array:1))
#16 /homepages/41/d483464789/htdocs/membership/wp-settings.php(340): do_action("init")
#17 /homepages/41/d483464789/htdocs/membership/wp-config-public.php(90): require_once("/homepages/41/d483464789/htdocs/membership/wp-settings.php")
#18 /homepages/41/d483464789/htdocs/membership/wp-config.php(24): require_once("/homepages/41/d483464789/htdocs/membership/wp-config-public.php")
#19 /homepages/41/d483464789/htdocs/membership/wp-load.php(29): require_once("/homepages/41/d483464789/htdocs/membership/wp-config.php")
#20 /homepages/41/d483464789/htdocs/membership/wp-blog-header.php(12): require_once("/homepages/41/d483464789/htdocs/membership/wp-load.php")
#21 /homepages/41/d483464789/htdocs/membership/index.php(17): require("/homepages/41/d483464789/htdocs/membership/wp-blog-header.php")
#22 {main}


Dec 02 16:26:11  [info] $Fatal Error Details = Array
(
    [message] => We can't load the requested web page. This page requires cookies to be enabled in your browser settings. Please check this setting and enable cookies (if they are not enabled). Then try again. If this error persists, contact the site adminstrator for assistance.<br /><br />Site Administrators: This error may indicate that users are accessing this page using a domain or URL other than the configured Base URL. EXAMPLE: Base URL is http://example.org, but some users are accessing the page via http://www.example.org or a domain alias like http://myotherexample.org.<br /><br />Error type: Could not find a valid session key.
    [code] => 
)


Dec 02 16:26:11  [info] $backTrace = #0 /homepages/41/d483464789/htdocs/membership/wp-content/plugins/civicrm/civicrm/CRM/Core/Error.php(320): CRM_Core_Error::backtrace("backTrace", TRUE)
#1 /homepages/41/d483464789/htdocs/membership/wp-content/plugins/civicrm/civicrm/CRM/Core/Controller.php(795): CRM_Core_Error::fatal("We can't load the requested web page. This page requires cookies to be enable...")
#2 /homepages/41/d483464789/htdocs/membership/wp-content/plugins/civicrm/civicrm/CRM/Core/Controller.php(809): CRM_Core_Controller->invalidKeyCommon()
#3 /homepages/41/d483464789/htdocs/membership/wp-content/plugins/civicrm/civicrm/CRM/Contribute/Form/ContributionBase.php(205): CRM_Core_Controller->invalidKeyRedirect()
#4 /homepages/41/d483464789/htdocs/membership/wp-content/plugins/civicrm/civicrm/CRM/Contribute/Form/Contribution/Main.php(69): CRM_Contribute_Form_ContributionBase->preProcess()
#5 /homepages/41/d483464789/htdocs/membership/wp-content/plugins/civicrm/civicrm/CRM/Core/Form.php(351): CRM_Contribute_Form_Contribution_Main->preProcess()
#6 /homepages/41/d483464789/htdocs/membership/wp-content/plugins/civicrm/civicrm/CRM/Core/QuickForm/Action/Display.php(93): CRM_Core_Form->buildForm()
#7 /homepages/41/d483464789/htdocs/membership/wp-content/plugins/civicrm/civicrm/packages/HTML/QuickForm/Controller.php(203): CRM_Core_QuickForm_Action_Display->perform(Object(CRM_Contribute_Form_Contribution_Main), "display")
#8 /homepages/41/d483464789/htdocs/membership/wp-content/plugins/civicrm/civicrm/packages/HTML/QuickForm/Page.php(103): HTML_QuickForm_Controller->handle(Object(CRM_Contribute_Form_Contribution_Main), "display")
#9 /homepages/41/d483464789/htdocs/membership/wp-content/plugins/civicrm/civicrm/CRM/Core/Controller.php(345): HTML_QuickForm_Page->handle("display")
#10 /homepages/41/d483464789/htdocs/membership/wp-content/plugins/civicrm/civicrm/CRM/Core/Invoke.php(323): CRM_Core_Controller->run((Array:3), NULL)
#11 /homepages/41/d483464789/htdocs/membership/wp-content/plugins/civicrm/civicrm/CRM/Core/Invoke.php(72): CRM_Core_Invoke::runItem((Array:15))
#12 /homepages/41/d483464789/htdocs/membership/wp-content/plugins/civicrm/civicrm/CRM/Core/Invoke.php(52): CRM_Core_Invoke::_invoke((Array:3))
#13 /homepages/41/d483464789/htdocs/membership/wp-content/plugins/civicrm/civicrm.php(463): CRM_Core_Invoke::invoke((Array:3))
#14 [internal function](): CiviCRM_For_WordPress->invoke("[civicrm component=\"contribution\" id=\"1\" mode=\"live\"]\n")
#15 /homepages/41/d483464789/htdocs/membership/wp-includes/plugin.php(199): call_user_func_array((Array:2), (Array:1))
#16 /homepages/41/d483464789/htdocs/membership/wp-includes/post-template.php(166): apply_filters("the_content", "[civicrm component=\"contribution\" id=\"1\" mode=\"live\"]")
#17 /homepages/41/d483464789/htdocs/membership/wp-content/themes/HighEdWeb2010/loop-page.php(24): the_content()
#18 /homepages/41/d483464789/htdocs/membership/wp-includes/template.php(443): require("/homepages/41/d483464789/htdocs/membership/wp-content/themes/HighEdWeb2010/lo...")
#19 /homepages/41/d483464789/htdocs/membership/wp-includes/template.php(417): load_template("/homepages/41/d483464789/htdocs/membership/wp-content/themes/HighEdWeb2010/lo...", FALSE)
#20 /homepages/41/d483464789/htdocs/membership/wp-includes/general-template.php(132): locate_template((Array:2), TRUE, FALSE)
#21 /homepages/41/d483464789/htdocs/membership/wp-content/themes/HighEdWeb2010/page.php(20): get_template_part("loop", "page")
#22 /homepages/41/d483464789/htdocs/membership/wp-includes/template-loader.php(74): include("/homepages/41/d483464789/htdocs/membership/wp-content/themes/HighEdWeb2010/pa...")
#23 /homepages/41/d483464789/htdocs/membership/wp-blog-header.php(16): require_once("/homepages/41/d483464789/htdocs/membership/wp-includes/template-loader.php")
#24 /homepages/41/d483464789/htdocs/membership/index.php(17): require("/homepages/41/d483464789/htdocs/membership/wp-blog-header.php")
#25 {main}


Dec 11 13:54:18  [info] $Fatal Error Details = Array
(
    [message] => You do not have permission to access this page
    [code] => 
)


Dec 11 13:54:18  [info] $backTrace = #0 /homepages/41/d483464789/htdocs/membership/wp-content/plugins/civicrm/civicrm/CRM/Core/Error.php(320): CRM_Core_Error::backtrace("backTrace", TRUE)
#1 /homepages/41/d483464789/htdocs/membership/wp-content/plugins/civicrm/civicrm/CRM/Utils/System/WordPress.php(398): CRM_Core_Error::fatal("You do not have permission to access this page")
#2 /homepages/41/d483464789/htdocs/membership/wp-content/plugins/civicrm/civicrm/CRM/Utils/System.php(232): CRM_Utils_System_WordPress->permissionDenied()
#3 /homepages/41/d483464789/htdocs/membership/wp-content/plugins/civicrm/civicrm/CRM/Core/Invoke.php(244): CRM_Utils_System::permissionDenied()
#4 /homepages/41/d483464789/htdocs/membership/wp-content/plugins/civicrm/civicrm/CRM/Core/Invoke.php(72): CRM_Core_Invoke::runItem((Array:15))
#5 /homepages/41/d483464789/htdocs/membership/wp-content/plugins/civicrm/civicrm/CRM/Core/Invoke.php(52): CRM_Core_Invoke::_invoke((Array:3))
#6 /homepages/41/d483464789/htdocs/membership/wp-content/plugins/civicrm/civicrm.php(463): CRM_Core_Invoke::invoke((Array:3))
#7 /homepages/41/d483464789/htdocs/membership/wp-content/plugins/civicrm/civicrm.php(735): CiviCRM_For_WordPress->invoke()
#8 /homepages/41/d483464789/htdocs/membership/wp-content/plugins/civicrm/civicrm.php(1137): CiviCRM_For_WordPress->wp_frontend(TRUE)
#9 [internal function](): CiviCRM_For_WordPress->shortcode_handler((Array:3), "", "civicrm")
#10 /homepages/41/d483464789/htdocs/membership/wp-includes/shortcodes.php(273): call_user_func((Array:2), (Array:3), "", "civicrm")
#11 [internal function](): do_shortcode_tag((Array:7))
#12 /homepages/41/d483464789/htdocs/membership/wp-includes/shortcodes.php(188): preg_replace_callback("/\[(\[?)(embed|wp_caption|caption|gallery|audio|video|civicrm|login\-form|acc...", "do_shortcode_tag", "[civicrm component=\"contribution\" id=\"1\" mode=\"live\"]\n")
#13 [internal function](): do_shortcode("[civicrm component=\"contribution\" id=\"1\" mode=\"live\"]\n")
#14 /homepages/41/d483464789/htdocs/membership/wp-includes/plugin.php(199): call_user_func_array("do_shortcode", (Array:1))
#15 /homepages/41/d483464789/htdocs/membership/wp-includes/post-template.php(166): apply_filters("the_content", "[civicrm component=\"contribution\" id=\"1\" mode=\"live\"]")
#16 /homepages/41/d483464789/htdocs/membership/wp-content/themes/HighEdWeb2010/loop-page.php(24): the_content()
#17 /homepages/41/d483464789/htdocs/membership/wp-includes/template.php(443): require("/homepages/41/d483464789/htdocs/membership/wp-content/themes/HighEdWeb2010/lo...")
#18 /homepages/41/d483464789/htdocs/membership/wp-includes/template.php(417): load_template("/homepages/41/d483464789/htdocs/membership/wp-content/themes/HighEdWeb2010/lo...", FALSE)
#19 /homepages/41/d483464789/htdocs/membership/wp-includes/general-template.php(132): locate_template((Array:2), TRUE, FALSE)
#20 /homepages/41/d483464789/htdocs/membership/wp-content/themes/HighEdWeb2010/page.php(20): get_template_part("loop", "page")
#21 /homepages/41/d483464789/htdocs/membership/wp-includes/template-loader.php(74): include("/homepages/41/d483464789/htdocs/membership/wp-content/themes/HighEdWeb2010/pa...")
#22 /homepages/41/d483464789/htdocs/membership/wp-blog-header.php(16): require_once("/homepages/41/d483464789/htdocs/membership/wp-includes/template-loader.php")
#23 /homepages/41/d483464789/htdocs/membership/index.php(17): require("/homepages/41/d483464789/htdocs/membership/wp-blog-header.php")
#24 {main}


Dec 11 13:54:21  [info] $Fatal Error Details = Array
(
    [message] => You do not have permission to access this page
    [code] => 
)


Dec 11 13:54:21  [info] $backTrace = #0 /homepages/41/d483464789/htdocs/membership/wp-content/plugins/civicrm/civicrm/CRM/Core/Error.php(320): CRM_Core_Error::backtrace("backTrace", TRUE)
#1 /homepages/41/d483464789/htdocs/membership/wp-content/plugins/civicrm/civicrm/CRM/Utils/System/WordPress.php(398): CRM_Core_Error::fatal("You do not have permission to access this page")
#2 /homepages/41/d483464789/htdocs/membership/wp-content/plugins/civicrm/civicrm/CRM/Utils/System.php(232): CRM_Utils_System_WordPress->permissionDenied()
#3 /homepages/41/d483464789/htdocs/membership/wp-content/plugins/civicrm/civicrm/CRM/Core/Invoke.php(244): CRM_Utils_System::permissionDenied()
#4 /homepages/41/d483464789/htdocs/membership/wp-content/plugins/civicrm/civicrm/CRM/Core/Invoke.php(72): CRM_Core_Invoke::runItem((Array:15))
#5 /homepages/41/d483464789/htdocs/membership/wp-content/plugins/civicrm/civicrm/CRM/Core/Invoke.php(52): CRM_Core_Invoke::_invoke((Array:3))
#6 /homepages/41/d483464789/htdocs/membership/wp-content/plugins/civicrm/civicrm.php(463): CRM_Core_Invoke::invoke((Array:3))
#7 /homepages/41/d483464789/htdocs/membership/wp-content/plugins/civicrm/civicrm.php(735): CiviCRM_For_WordPress->invoke()
#8 /homepages/41/d483464789/htdocs/membership/wp-content/plugins/civicrm/civicrm.php(1137): CiviCRM_For_WordPress->wp_frontend(TRUE)
#9 [internal function](): CiviCRM_For_WordPress->shortcode_handler((Array:3), "", "civicrm")
#10 /homepages/41/d483464789/htdocs/membership/wp-includes/shortcodes.php(273): call_user_func((Array:2), (Array:3), "", "civicrm")
#11 [internal function](): do_shortcode_tag((Array:7))
#12 /homepages/41/d483464789/htdocs/membership/wp-includes/shortcodes.php(188): preg_replace_callback("/\[(\[?)(embed|wp_caption|caption|gallery|audio|video|civicrm|login\-form|acc...", "do_shortcode_tag", "[civicrm component=\"contribution\" id=\"1\" mode=\"live\"]\n")
#13 [internal function](): do_shortcode("[civicrm component=\"contribution\" id=\"1\" mode=\"live\"]\n")
#14 /homepages/41/d483464789/htdocs/membership/wp-includes/plugin.php(199): call_user_func_array("do_shortcode", (Array:1))
#15 /homepages/41/d483464789/htdocs/membership/wp-includes/post-template.php(166): apply_filters("the_content", "[civicrm component=\"contribution\" id=\"1\" mode=\"live\"]")
#16 /homepages/41/d483464789/htdocs/membership/wp-content/themes/HighEdWeb2010/loop-page.php(24): the_content()
#17 /homepages/41/d483464789/htdocs/membership/wp-includes/template.php(443): require("/homepages/41/d483464789/htdocs/membership/wp-content/themes/HighEdWeb2010/lo...")
#18 /homepages/41/d483464789/htdocs/membership/wp-includes/template.php(417): load_template("/homepages/41/d483464789/htdocs/membership/wp-content/themes/HighEdWeb2010/lo...", FALSE)
#19 /homepages/41/d483464789/htdocs/membership/wp-includes/general-template.php(132): locate_template((Array:2), TRUE, FALSE)
#20 /homepages/41/d483464789/htdocs/membership/wp-content/themes/HighEdWeb2010/page.php(20): get_template_part("loop", "page")
#21 /homepages/41/d483464789/htdocs/membership/wp-includes/template-loader.php(74): include("/homepages/41/d483464789/htdocs/membership/wp-content/themes/HighEdWeb2010/pa...")
#22 /homepages/41/d483464789/htdocs/membership/wp-blog-header.php(16): require_once("/homepages/41/d483464789/htdocs/membership/wp-includes/template-loader.php")
#23 /homepages/41/d483464789/htdocs/membership/index.php(17): require("/homepages/41/d483464789/htdocs/membership/wp-blog-header.php")
#24 {main}


Dec 11 13:55:31  [info] $Fatal Error Details = Array
(
    [message] => You do not have permission to access this page
    [code] => 
)


Dec 11 13:55:31  [info] $backTrace = #0 /homepages/41/d483464789/htdocs/membership/wp-content/plugins/civicrm/civicrm/CRM/Core/Error.php(320): CRM_Core_Error::backtrace("backTrace", TRUE)
#1 /homepages/41/d483464789/htdocs/membership/wp-content/plugins/civicrm/civicrm/CRM/Utils/System/WordPress.php(398): CRM_Core_Error::fatal("You do not have permission to access this page")
#2 /homepages/41/d483464789/htdocs/membership/wp-content/plugins/civicrm/civicrm/CRM/Utils/System.php(232): CRM_Utils_System_WordPress->permissionDenied()
#3 /homepages/41/d483464789/htdocs/membership/wp-content/plugins/civicrm/civicrm/CRM/Core/Invoke.php(244): CRM_Utils_System::permissionDenied()
#4 /homepages/41/d483464789/htdocs/membership/wp-content/plugins/civicrm/civicrm/CRM/Core/Invoke.php(72): CRM_Core_Invoke::runItem((Array:15))
#5 /homepages/41/d483464789/htdocs/membership/wp-content/plugins/civicrm/civicrm/CRM/Core/Invoke.php(52): CRM_Core_Invoke::_invoke((Array:3))
#6 /homepages/41/d483464789/htdocs/membership/wp-content/plugins/civicrm/civicrm.php(463): CRM_Core_Invoke::invoke((Array:3))
#7 /homepages/41/d483464789/htdocs/membership/wp-content/plugins/civicrm/civicrm.php(735): CiviCRM_For_WordPress->invoke()
#8 /homepages/41/d483464789/htdocs/membership/wp-content/plugins/civicrm/civicrm.php(1137): CiviCRM_For_WordPress->wp_frontend(TRUE)
#9 [internal function](): CiviCRM_For_WordPress->shortcode_handler((Array:3), "", "civicrm")
#10 /homepages/41/d483464789/htdocs/membership/wp-includes/shortcodes.php(273): call_user_func((Array:2), (Array:3), "", "civicrm")
#11 [internal function](): do_shortcode_tag((Array:7))
#12 /homepages/41/d483464789/htdocs/membership/wp-includes/shortcodes.php(188): preg_replace_callback("/\[(\[?)(embed|wp_caption|caption|gallery|audio|video|civicrm|login\-form|acc...", "do_shortcode_tag", "[civicrm component=\"contribution\" id=\"1\" mode=\"live\"]\n")
#13 [internal function](): do_shortcode("[civicrm component=\"contribution\" id=\"1\" mode=\"live\"]\n")
#14 /homepages/41/d483464789/htdocs/membership/wp-includes/plugin.php(199): call_user_func_array("do_shortcode", (Array:1))
#15 /homepages/41/d483464789/htdocs/membership/wp-includes/post-template.php(166): apply_filters("the_content", "[civicrm component=\"contribution\" id=\"1\" mode=\"live\"]")
#16 /homepages/41/d483464789/htdocs/membership/wp-content/themes/HighEdWeb2010/loop-page.php(24): the_content()
#17 /homepages/41/d483464789/htdocs/membership/wp-includes/template.php(443): require("/homepages/41/d483464789/htdocs/membership/wp-content/themes/HighEdWeb2010/lo...")
#18 /homepages/41/d483464789/htdocs/membership/wp-includes/template.php(417): load_template("/homepages/41/d483464789/htdocs/membership/wp-content/themes/HighEdWeb2010/lo...", FALSE)
#19 /homepages/41/d483464789/htdocs/membership/wp-includes/general-template.php(132): locate_template((Array:2), TRUE, FALSE)
#20 /homepages/41/d483464789/htdocs/membership/wp-content/themes/HighEdWeb2010/page.php(20): get_template_part("loop", "page")
#21 /homepages/41/d483464789/htdocs/membership/wp-includes/template-loader.php(74): include("/homepages/41/d483464789/htdocs/membership/wp-content/themes/HighEdWeb2010/pa...")
#22 /homepages/41/d483464789/htdocs/membership/wp-blog-header.php(16): require_once("/homepages/41/d483464789/htdocs/membership/wp-includes/template-loader.php")
#23 /homepages/41/d483464789/htdocs/membership/index.php(17): require("/homepages/41/d483464789/htdocs/membership/wp-blog-header.php")
#24 {main}


Dec 11 14:01:46  [info] $Fatal Error Details = Array
(
    [message] => You do not have permission to access this page
    [code] => 
)


Dec 11 14:01:46  [info] $backTrace = #0 /homepages/41/d483464789/htdocs/membership/wp-content/plugins/civicrm/civicrm/CRM/Core/Error.php(320): CRM_Core_Error::backtrace("backTrace", TRUE)
#1 /homepages/41/d483464789/htdocs/membership/wp-content/plugins/civicrm/civicrm/CRM/Utils/System/WordPress.php(398): CRM_Core_Error::fatal("You do not have permission to access this page")
#2 /homepages/41/d483464789/htdocs/membership/wp-content/plugins/civicrm/civicrm/CRM/Utils/System.php(232): CRM_Utils_System_WordPress->permissionDenied()
#3 /homepages/41/d483464789/htdocs/membership/wp-content/plugins/civicrm/civicrm/CRM/Core/Invoke.php(244): CRM_Utils_System::permissionDenied()
#4 /homepages/41/d483464789/htdocs/membership/wp-content/plugins/civicrm/civicrm/CRM/Core/Invoke.php(72): CRM_Core_Invoke::runItem((Array:15))
#5 /homepages/41/d483464789/htdocs/membership/wp-content/plugins/civicrm/civicrm/CRM/Core/Invoke.php(52): CRM_Core_Invoke::_invoke((Array:3))
#6 /homepages/41/d483464789/htdocs/membership/wp-content/plugins/civicrm/civicrm.php(463): CRM_Core_Invoke::invoke((Array:3))
#7 /homepages/41/d483464789/htdocs/membership/wp-content/plugins/civicrm/civicrm.php(735): CiviCRM_For_WordPress->invoke()
#8 /homepages/41/d483464789/htdocs/membership/wp-content/plugins/civicrm/civicrm.php(1137): CiviCRM_For_WordPress->wp_frontend(TRUE)
#9 [internal function](): CiviCRM_For_WordPress->shortcode_handler((Array:3), "", "civicrm")
#10 /homepages/41/d483464789/htdocs/membership/wp-includes/shortcodes.php(273): call_user_func((Array:2), (Array:3), "", "civicrm")
#11 [internal function](): do_shortcode_tag((Array:7))
#12 /homepages/41/d483464789/htdocs/membership/wp-includes/shortcodes.php(188): preg_replace_callback("/\[(\[?)(embed|wp_caption|caption|gallery|audio|video|civicrm|login\-form|acc...", "do_shortcode_tag", "[civicrm component=\"contribution\" id=\"1\" mode=\"live\"]\n")
#13 [internal function](): do_shortcode("[civicrm component=\"contribution\" id=\"1\" mode=\"live\"]\n")
#14 /homepages/41/d483464789/htdocs/membership/wp-includes/plugin.php(199): call_user_func_array("do_shortcode", (Array:1))
#15 /homepages/41/d483464789/htdocs/membership/wp-includes/post-template.php(166): apply_filters("the_content", "[civicrm component=\"contribution\" id=\"1\" mode=\"live\"]")
#16 /homepages/41/d483464789/htdocs/membership/wp-content/themes/HighEdWeb2010/loop-page.php(24): the_content()
#17 /homepages/41/d483464789/htdocs/membership/wp-includes/template.php(443): require("/homepages/41/d483464789/htdocs/membership/wp-content/themes/HighEdWeb2010/lo...")
#18 /homepages/41/d483464789/htdocs/membership/wp-includes/template.php(417): load_template("/homepages/41/d483464789/htdocs/membership/wp-content/themes/HighEdWeb2010/lo...", FALSE)
#19 /homepages/41/d483464789/htdocs/membership/wp-includes/general-template.php(132): locate_template((Array:2), TRUE, FALSE)
#20 /homepages/41/d483464789/htdocs/membership/wp-content/themes/HighEdWeb2010/page.php(20): get_template_part("loop", "page")
#21 /homepages/41/d483464789/htdocs/membership/wp-includes/template-loader.php(74): include("/homepages/41/d483464789/htdocs/membership/wp-content/themes/HighEdWeb2010/pa...")
#22 /homepages/41/d483464789/htdocs/membership/wp-blog-header.php(16): require_once("/homepages/41/d483464789/htdocs/membership/wp-includes/template-loader.php")
#23 /homepages/41/d483464789/htdocs/membership/index.php(17): require("/homepages/41/d483464789/htdocs/membership/wp-blog-header.php")
#24 {main}


Dec 11 14:01:50  [info] $Fatal Error Details = Array
(
    [message] => You do not have permission to access this page
    [code] => 
)


Dec 11 14:01:50  [info] $backTrace = #0 /homepages/41/d483464789/htdocs/membership/wp-content/plugins/civicrm/civicrm/CRM/Core/Error.php(320): CRM_Core_Error::backtrace("backTrace", TRUE)
#1 /homepages/41/d483464789/htdocs/membership/wp-content/plugins/civicrm/civicrm/CRM/Utils/System/WordPress.php(398): CRM_Core_Error::fatal("You do not have permission to access this page")
#2 /homepages/41/d483464789/htdocs/membership/wp-content/plugins/civicrm/civicrm/CRM/Utils/System.php(232): CRM_Utils_System_WordPress->permissionDenied()
#3 /homepages/41/d483464789/htdocs/membership/wp-content/plugins/civicrm/civicrm/CRM/Core/Invoke.php(244): CRM_Utils_System::permissionDenied()
#4 /homepages/41/d483464789/htdocs/membership/wp-content/plugins/civicrm/civicrm/CRM/Core/Invoke.php(72): CRM_Core_Invoke::runItem((Array:15))
#5 /homepages/41/d483464789/htdocs/membership/wp-content/plugins/civicrm/civicrm/CRM/Core/Invoke.php(52): CRM_Core_Invoke::_invoke((Array:3))
#6 /homepages/41/d483464789/htdocs/membership/wp-content/plugins/civicrm/civicrm.php(463): CRM_Core_Invoke::invoke((Array:3))
#7 /homepages/41/d483464789/htdocs/membership/wp-content/plugins/civicrm/civicrm.php(735): CiviCRM_For_WordPress->invoke()
#8 /homepages/41/d483464789/htdocs/membership/wp-content/plugins/civicrm/civicrm.php(1137): CiviCRM_For_WordPress->wp_frontend(TRUE)
#9 [internal function](): CiviCRM_For_WordPress->shortcode_handler((Array:3), "", "civicrm")
#10 /homepages/41/d483464789/htdocs/membership/wp-includes/shortcodes.php(273): call_user_func((Array:2), (Array:3), "", "civicrm")
#11 [internal function](): do_shortcode_tag((Array:7))
#12 /homepages/41/d483464789/htdocs/membership/wp-includes/shortcodes.php(188): preg_replace_callback("/\[(\[?)(embed|wp_caption|caption|gallery|audio|video|civicrm|login\-form|acc...", "do_shortcode_tag", "[civicrm component=\"contribution\" id=\"1\" mode=\"live\"]\n")
#13 [internal function](): do_shortcode("[civicrm component=\"contribution\" id=\"1\" mode=\"live\"]\n")
#14 /homepages/41/d483464789/htdocs/membership/wp-includes/plugin.php(199): call_user_func_array("do_shortcode", (Array:1))
#15 /homepages/41/d483464789/htdocs/membership/wp-includes/post-template.php(166): apply_filters("the_content", "[civicrm component=\"contribution\" id=\"1\" mode=\"live\"]")
#16 /homepages/41/d483464789/htdocs/membership/wp-content/themes/HighEdWeb2010/loop-page.php(24): the_content()
#17 /homepages/41/d483464789/htdocs/membership/wp-includes/template.php(443): require("/homepages/41/d483464789/htdocs/membership/wp-content/themes/HighEdWeb2010/lo...")
#18 /homepages/41/d483464789/htdocs/membership/wp-includes/template.php(417): load_template("/homepages/41/d483464789/htdocs/membership/wp-content/themes/HighEdWeb2010/lo...", FALSE)
#19 /homepages/41/d483464789/htdocs/membership/wp-includes/general-template.php(132): locate_template((Array:2), TRUE, FALSE)
#20 /homepages/41/d483464789/htdocs/membership/wp-content/themes/HighEdWeb2010/page.php(20): get_template_part("loop", "page")
#21 /homepages/41/d483464789/htdocs/membership/wp-includes/template-loader.php(74): include("/homepages/41/d483464789/htdocs/membership/wp-content/themes/HighEdWeb2010/pa...")
#22 /homepages/41/d483464789/htdocs/membership/wp-blog-header.php(16): require_once("/homepages/41/d483464789/htdocs/membership/wp-includes/template-loader.php")
#23 /homepages/41/d483464789/htdocs/membership/index.php(17): require("/homepages/41/d483464789/htdocs/membership/wp-blog-header.php")
#24 {main}


Dec 11 14:01:54  [info] $Fatal Error Details = Array
(
    [message] => You do not have permission to access this page
    [code] => 
)


Dec 11 14:01:54  [info] $backTrace = #0 /homepages/41/d483464789/htdocs/membership/wp-content/plugins/civicrm/civicrm/CRM/Core/Error.php(320): CRM_Core_Error::backtrace("backTrace", TRUE)
#1 /homepages/41/d483464789/htdocs/membership/wp-content/plugins/civicrm/civicrm/CRM/Utils/System/WordPress.php(398): CRM_Core_Error::fatal("You do not have permission to access this page")
#2 /homepages/41/d483464789/htdocs/membership/wp-content/plugins/civicrm/civicrm/CRM/Utils/System.php(232): CRM_Utils_System_WordPress->permissionDenied()
#3 /homepages/41/d483464789/htdocs/membership/wp-content/plugins/civicrm/civicrm/CRM/Core/Invoke.php(244): CRM_Utils_System::permissionDenied()
#4 /homepages/41/d483464789/htdocs/membership/wp-content/plugins/civicrm/civicrm/CRM/Core/Invoke.php(72): CRM_Core_Invoke::runItem((Array:15))
#5 /homepages/41/d483464789/htdocs/membership/wp-content/plugins/civicrm/civicrm/CRM/Core/Invoke.php(52): CRM_Core_Invoke::_invoke((Array:3))
#6 /homepages/41/d483464789/htdocs/membership/wp-content/plugins/civicrm/civicrm.php(463): CRM_Core_Invoke::invoke((Array:3))
#7 /homepages/41/d483464789/htdocs/membership/wp-content/plugins/civicrm/civicrm.php(735): CiviCRM_For_WordPress->invoke()
#8 /homepages/41/d483464789/htdocs/membership/wp-content/plugins/civicrm/civicrm.php(1137): CiviCRM_For_WordPress->wp_frontend(TRUE)
#9 [internal function](): CiviCRM_For_WordPress->shortcode_handler((Array:3), "", "civicrm")
#10 /homepages/41/d483464789/htdocs/membership/wp-includes/shortcodes.php(273): call_user_func((Array:2), (Array:3), "", "civicrm")
#11 [internal function](): do_shortcode_tag((Array:7))
#12 /homepages/41/d483464789/htdocs/membership/wp-includes/shortcodes.php(188): preg_replace_callback("/\[(\[?)(embed|wp_caption|caption|gallery|audio|video|civicrm|login\-form|acc...", "do_shortcode_tag", "[civicrm component=\"contribution\" id=\"1\" mode=\"live\"]\n")
#13 [internal function](): do_shortcode("[civicrm component=\"contribution\" id=\"1\" mode=\"live\"]\n")
#14 /homepages/41/d483464789/htdocs/membership/wp-includes/plugin.php(199): call_user_func_array("do_shortcode", (Array:1))
#15 /homepages/41/d483464789/htdocs/membership/wp-includes/post-template.php(166): apply_filters("the_content", "[civicrm component=\"contribution\" id=\"1\" mode=\"live\"]")
#16 /homepages/41/d483464789/htdocs/membership/wp-content/themes/HighEdWeb2010/loop-page.php(24): the_content()
#17 /homepages/41/d483464789/htdocs/membership/wp-includes/template.php(443): require("/homepages/41/d483464789/htdocs/membership/wp-content/themes/HighEdWeb2010/lo...")
#18 /homepages/41/d483464789/htdocs/membership/wp-includes/template.php(417): load_template("/homepages/41/d483464789/htdocs/membership/wp-content/themes/HighEdWeb2010/lo...", FALSE)
#19 /homepages/41/d483464789/htdocs/membership/wp-includes/general-template.php(132): locate_template((Array:2), TRUE, FALSE)
#20 /homepages/41/d483464789/htdocs/membership/wp-content/themes/HighEdWeb2010/page.php(20): get_template_part("loop", "page")
#21 /homepages/41/d483464789/htdocs/membership/wp-includes/template-loader.php(74): include("/homepages/41/d483464789/htdocs/membership/wp-content/themes/HighEdWeb2010/pa...")
#22 /homepages/41/d483464789/htdocs/membership/wp-blog-header.php(16): require_once("/homepages/41/d483464789/htdocs/membership/wp-includes/template-loader.php")
#23 /homepages/41/d483464789/htdocs/membership/index.php(17): require("/homepages/41/d483464789/htdocs/membership/wp-blog-header.php")
#24 {main}


Dec 11 14:02:55  [info] $Fatal Error Details = Array
(
    [message] => You do not have permission to access this page
    [code] => 
)


Dec 11 14:02:55  [info] $backTrace = #0 /homepages/41/d483464789/htdocs/membership/wp-content/plugins/civicrm/civicrm/CRM/Core/Error.php(320): CRM_Core_Error::backtrace("backTrace", TRUE)
#1 /homepages/41/d483464789/htdocs/membership/wp-content/plugins/civicrm/civicrm/CRM/Utils/System/WordPress.php(398): CRM_Core_Error::fatal("You do not have permission to access this page")
#2 /homepages/41/d483464789/htdocs/membership/wp-content/plugins/civicrm/civicrm/CRM/Utils/System.php(232): CRM_Utils_System_WordPress->permissionDenied()
#3 /homepages/41/d483464789/htdocs/membership/wp-content/plugins/civicrm/civicrm/CRM/Core/Invoke.php(244): CRM_Utils_System::permissionDenied()
#4 /homepages/41/d483464789/htdocs/membership/wp-content/plugins/civicrm/civicrm/CRM/Core/Invoke.php(72): CRM_Core_Invoke::runItem((Array:15))
#5 /homepages/41/d483464789/htdocs/membership/wp-content/plugins/civicrm/civicrm/CRM/Core/Invoke.php(52): CRM_Core_Invoke::_invoke((Array:3))
#6 /homepages/41/d483464789/htdocs/membership/wp-content/plugins/civicrm/civicrm.php(463): CRM_Core_Invoke::invoke((Array:3))
#7 /homepages/41/d483464789/htdocs/membership/wp-content/plugins/civicrm/civicrm.php(735): CiviCRM_For_WordPress->invoke()
#8 /homepages/41/d483464789/htdocs/membership/wp-content/plugins/civicrm/civicrm.php(1137): CiviCRM_For_WordPress->wp_frontend(TRUE)
#9 [internal function](): CiviCRM_For_WordPress->shortcode_handler((Array:3), "", "civicrm")
#10 /homepages/41/d483464789/htdocs/membership/wp-includes/shortcodes.php(273): call_user_func((Array:2), (Array:3), "", "civicrm")
#11 [internal function](): do_shortcode_tag((Array:7))
#12 /homepages/41/d483464789/htdocs/membership/wp-includes/shortcodes.php(188): preg_replace_callback("/\[(\[?)(embed|wp_caption|caption|gallery|audio|video|civicrm|login\-form|acc...", "do_shortcode_tag", "[civicrm component=\"contribution\" id=\"1\" mode=\"live\"]\n")
#13 [internal function](): do_shortcode("[civicrm component=\"contribution\" id=\"1\" mode=\"live\"]\n")
#14 /homepages/41/d483464789/htdocs/membership/wp-includes/plugin.php(199): call_user_func_array("do_shortcode", (Array:1))
#15 /homepages/41/d483464789/htdocs/membership/wp-includes/post-template.php(166): apply_filters("the_content", "[civicrm component=\"contribution\" id=\"1\" mode=\"live\"]")
#16 /homepages/41/d483464789/htdocs/membership/wp-content/themes/HighEdWeb2010/loop-page.php(24): the_content()
#17 /homepages/41/d483464789/htdocs/membership/wp-includes/template.php(443): require("/homepages/41/d483464789/htdocs/membership/wp-content/themes/HighEdWeb2010/lo...")
#18 /homepages/41/d483464789/htdocs/membership/wp-includes/template.php(417): load_template("/homepages/41/d483464789/htdocs/membership/wp-content/themes/HighEdWeb2010/lo...", FALSE)
#19 /homepages/41/d483464789/htdocs/membership/wp-includes/general-template.php(132): locate_template((Array:2), TRUE, FALSE)
#20 /homepages/41/d483464789/htdocs/membership/wp-content/themes/HighEdWeb2010/page.php(20): get_template_part("loop", "page")
#21 /homepages/41/d483464789/htdocs/membership/wp-includes/template-loader.php(74): include("/homepages/41/d483464789/htdocs/membership/wp-content/themes/HighEdWeb2010/pa...")
#22 /homepages/41/d483464789/htdocs/membership/wp-blog-header.php(16): require_once("/homepages/41/d483464789/htdocs/membership/wp-includes/template-loader.php")
#23 /homepages/41/d483464789/htdocs/membership/index.php(17): require("/homepages/41/d483464789/htdocs/membership/wp-blog-header.php")
#24 {main}


Dec 11 14:03:13  [info] $Fatal Error Details = Array
(
    [message] => You do not have permission to access this page
    [code] => 
)


Dec 11 14:03:13  [info] $backTrace = #0 /homepages/41/d483464789/htdocs/membership/wp-content/plugins/civicrm/civicrm/CRM/Core/Error.php(320): CRM_Core_Error::backtrace("backTrace", TRUE)
#1 /homepages/41/d483464789/htdocs/membership/wp-content/plugins/civicrm/civicrm/CRM/Utils/System/WordPress.php(398): CRM_Core_Error::fatal("You do not have permission to access this page")
#2 /homepages/41/d483464789/htdocs/membership/wp-content/plugins/civicrm/civicrm/CRM/Utils/System.php(232): CRM_Utils_System_WordPress->permissionDenied()
#3 /homepages/41/d483464789/htdocs/membership/wp-content/plugins/civicrm/civicrm/CRM/Core/Invoke.php(244): CRM_Utils_System::permissionDenied()
#4 /homepages/41/d483464789/htdocs/membership/wp-content/plugins/civicrm/civicrm/CRM/Core/Invoke.php(72): CRM_Core_Invoke::runItem((Array:15))
#5 /homepages/41/d483464789/htdocs/membership/wp-content/plugins/civicrm/civicrm/CRM/Core/Invoke.php(52): CRM_Core_Invoke::_invoke((Array:3))
#6 /homepages/41/d483464789/htdocs/membership/wp-content/plugins/civicrm/civicrm.php(463): CRM_Core_Invoke::invoke((Array:3))
#7 /homepages/41/d483464789/htdocs/membership/wp-content/plugins/civicrm/civicrm.php(735): CiviCRM_For_WordPress->invoke()
#8 /homepages/41/d483464789/htdocs/membership/wp-content/plugins/civicrm/civicrm.php(1137): CiviCRM_For_WordPress->wp_frontend(TRUE)
#9 [internal function](): CiviCRM_For_WordPress->shortcode_handler((Array:3), "", "civicrm")
#10 /homepages/41/d483464789/htdocs/membership/wp-includes/shortcodes.php(273): call_user_func((Array:2), (Array:3), "", "civicrm")
#11 [internal function](): do_shortcode_tag((Array:7))
#12 /homepages/41/d483464789/htdocs/membership/wp-includes/shortcodes.php(188): preg_replace_callback("/\[(\[?)(embed|wp_caption|caption|gallery|audio|video|civicrm|login\-form|acc...", "do_shortcode_tag", "[civicrm component=\"contribution\" id=\"1\" mode=\"live\"]\n")
#13 [internal function](): do_shortcode("[civicrm component=\"contribution\" id=\"1\" mode=\"live\"]\n")
#14 /homepages/41/d483464789/htdocs/membership/wp-includes/plugin.php(199): call_user_func_array("do_shortcode", (Array:1))
#15 /homepages/41/d483464789/htdocs/membership/wp-includes/post-template.php(166): apply_filters("the_content", "[civicrm component=\"contribution\" id=\"1\" mode=\"live\"]")
#16 /homepages/41/d483464789/htdocs/membership/wp-content/themes/HighEdWeb2010/loop-page.php(24): the_content()
#17 /homepages/41/d483464789/htdocs/membership/wp-includes/template.php(443): require("/homepages/41/d483464789/htdocs/membership/wp-content/themes/HighEdWeb2010/lo...")
#18 /homepages/41/d483464789/htdocs/membership/wp-includes/template.php(417): load_template("/homepages/41/d483464789/htdocs/membership/wp-content/themes/HighEdWeb2010/lo...", FALSE)
#19 /homepages/41/d483464789/htdocs/membership/wp-includes/general-template.php(132): locate_template((Array:2), TRUE, FALSE)
#20 /homepages/41/d483464789/htdocs/membership/wp-content/themes/HighEdWeb2010/page.php(20): get_template_part("loop", "page")
#21 /homepages/41/d483464789/htdocs/membership/wp-includes/template-loader.php(74): include("/homepages/41/d483464789/htdocs/membership/wp-content/themes/HighEdWeb2010/pa...")
#22 /homepages/41/d483464789/htdocs/membership/wp-blog-header.php(16): require_once("/homepages/41/d483464789/htdocs/membership/wp-includes/template-loader.php")
#23 /homepages/41/d483464789/htdocs/membership/index.php(17): require("/homepages/41/d483464789/htdocs/membership/wp-blog-header.php")
#24 {main}


Dec 11 14:03:16  [info] $Fatal Error Details = Array
(
    [message] => You do not have permission to access this page
    [code] => 
)


Dec 11 14:03:16  [info] $backTrace = #0 /homepages/41/d483464789/htdocs/membership/wp-content/plugins/civicrm/civicrm/CRM/Core/Error.php(320): CRM_Core_Error::backtrace("backTrace", TRUE)
#1 /homepages/41/d483464789/htdocs/membership/wp-content/plugins/civicrm/civicrm/CRM/Utils/System/WordPress.php(398): CRM_Core_Error::fatal("You do not have permission to access this page")
#2 /homepages/41/d483464789/htdocs/membership/wp-content/plugins/civicrm/civicrm/CRM/Utils/System.php(232): CRM_Utils_System_WordPress->permissionDenied()
#3 /homepages/41/d483464789/htdocs/membership/wp-content/plugins/civicrm/civicrm/CRM/Core/Invoke.php(244): CRM_Utils_System::permissionDenied()
#4 /homepages/41/d483464789/htdocs/membership/wp-content/plugins/civicrm/civicrm/CRM/Core/Invoke.php(72): CRM_Core_Invoke::runItem((Array:15))
#5 /homepages/41/d483464789/htdocs/membership/wp-content/plugins/civicrm/civicrm/CRM/Core/Invoke.php(52): CRM_Core_Invoke::_invoke((Array:3))
#6 /homepages/41/d483464789/htdocs/membership/wp-content/plugins/civicrm/civicrm.php(463): CRM_Core_Invoke::invoke((Array:3))
#7 /homepages/41/d483464789/htdocs/membership/wp-content/plugins/civicrm/civicrm.php(735): CiviCRM_For_WordPress->invoke()
#8 /homepages/41/d483464789/htdocs/membership/wp-content/plugins/civicrm/civicrm.php(1137): CiviCRM_For_WordPress->wp_frontend(TRUE)
#9 [internal function](): CiviCRM_For_WordPress->shortcode_handler((Array:3), "", "civicrm")
#10 /homepages/41/d483464789/htdocs/membership/wp-includes/shortcodes.php(273): call_user_func((Array:2), (Array:3), "", "civicrm")
#11 [internal function](): do_shortcode_tag((Array:7))
#12 /homepages/41/d483464789/htdocs/membership/wp-includes/shortcodes.php(188): preg_replace_callback("/\[(\[?)(embed|wp_caption|caption|gallery|audio|video|civicrm|login\-form|acc...", "do_shortcode_tag", "[civicrm component=\"contribution\" id=\"1\" mode=\"live\"]\n")
#13 [internal function](): do_shortcode("[civicrm component=\"contribution\" id=\"1\" mode=\"live\"]\n")
#14 /homepages/41/d483464789/htdocs/membership/wp-includes/plugin.php(199): call_user_func_array("do_shortcode", (Array:1))
#15 /homepages/41/d483464789/htdocs/membership/wp-includes/post-template.php(166): apply_filters("the_content", "[civicrm component=\"contribution\" id=\"1\" mode=\"live\"]")
#16 /homepages/41/d483464789/htdocs/membership/wp-content/themes/HighEdWeb2010/loop-page.php(24): the_content()
#17 /homepages/41/d483464789/htdocs/membership/wp-includes/template.php(443): require("/homepages/41/d483464789/htdocs/membership/wp-content/themes/HighEdWeb2010/lo...")
#18 /homepages/41/d483464789/htdocs/membership/wp-includes/template.php(417): load_template("/homepages/41/d483464789/htdocs/membership/wp-content/themes/HighEdWeb2010/lo...", FALSE)
#19 /homepages/41/d483464789/htdocs/membership/wp-includes/general-template.php(132): locate_template((Array:2), TRUE, FALSE)
#20 /homepages/41/d483464789/htdocs/membership/wp-content/themes/HighEdWeb2010/page.php(20): get_template_part("loop", "page")
#21 /homepages/41/d483464789/htdocs/membership/wp-includes/template-loader.php(74): include("/homepages/41/d483464789/htdocs/membership/wp-content/themes/HighEdWeb2010/pa...")
#22 /homepages/41/d483464789/htdocs/membership/wp-blog-header.php(16): require_once("/homepages/41/d483464789/htdocs/membership/wp-includes/template-loader.php")
#23 /homepages/41/d483464789/htdocs/membership/index.php(17): require("/homepages/41/d483464789/htdocs/membership/wp-blog-header.php")
#24 {main}


Dec 11 14:04:07  [info] $Fatal Error Details = Array
(
    [message] => You do not have permission to access this page
    [code] => 
)


Dec 11 14:04:07  [info] $backTrace = #0 /homepages/41/d483464789/htdocs/membership/wp-content/plugins/civicrm/civicrm/CRM/Core/Error.php(320): CRM_Core_Error::backtrace("backTrace", TRUE)
#1 /homepages/41/d483464789/htdocs/membership/wp-content/plugins/civicrm/civicrm/CRM/Utils/System/WordPress.php(398): CRM_Core_Error::fatal("You do not have permission to access this page")
#2 /homepages/41/d483464789/htdocs/membership/wp-content/plugins/civicrm/civicrm/CRM/Utils/System.php(232): CRM_Utils_System_WordPress->permissionDenied()
#3 /homepages/41/d483464789/htdocs/membership/wp-content/plugins/civicrm/civicrm/CRM/Core/Invoke.php(244): CRM_Utils_System::permissionDenied()
#4 /homepages/41/d483464789/htdocs/membership/wp-content/plugins/civicrm/civicrm/CRM/Core/Invoke.php(72): CRM_Core_Invoke::runItem((Array:15))
#5 /homepages/41/d483464789/htdocs/membership/wp-content/plugins/civicrm/civicrm/CRM/Core/Invoke.php(52): CRM_Core_Invoke::_invoke((Array:3))
#6 /homepages/41/d483464789/htdocs/membership/wp-content/plugins/civicrm/civicrm.php(463): CRM_Core_Invoke::invoke((Array:3))
#7 /homepages/41/d483464789/htdocs/membership/wp-content/plugins/civicrm/civicrm.php(735): CiviCRM_For_WordPress->invoke()
#8 /homepages/41/d483464789/htdocs/membership/wp-content/plugins/civicrm/civicrm.php(1137): CiviCRM_For_WordPress->wp_frontend(TRUE)
#9 [internal function](): CiviCRM_For_WordPress->shortcode_handler((Array:3), "", "civicrm")
#10 /homepages/41/d483464789/htdocs/membership/wp-includes/shortcodes.php(273): call_user_func((Array:2), (Array:3), "", "civicrm")
#11 [internal function](): do_shortcode_tag((Array:7))
#12 /homepages/41/d483464789/htdocs/membership/wp-includes/shortcodes.php(188): preg_replace_callback("/\[(\[?)(embed|wp_caption|caption|gallery|audio|video|civicrm|login\-form|acc...", "do_shortcode_tag", "[civicrm component=\"contribution\" id=\"1\" mode=\"live\"]\n")
#13 [internal function](): do_shortcode("[civicrm component=\"contribution\" id=\"1\" mode=\"live\"]\n")
#14 /homepages/41/d483464789/htdocs/membership/wp-includes/plugin.php(199): call_user_func_array("do_shortcode", (Array:1))
#15 /homepages/41/d483464789/htdocs/membership/wp-includes/post-template.php(166): apply_filters("the_content", "[civicrm component=\"contribution\" id=\"1\" mode=\"live\"]")
#16 /homepages/41/d483464789/htdocs/membership/wp-content/themes/HighEdWeb2010/loop-page.php(24): the_content()
#17 /homepages/41/d483464789/htdocs/membership/wp-includes/template.php(443): require("/homepages/41/d483464789/htdocs/membership/wp-content/themes/HighEdWeb2010/lo...")
#18 /homepages/41/d483464789/htdocs/membership/wp-includes/template.php(417): load_template("/homepages/41/d483464789/htdocs/membership/wp-content/themes/HighEdWeb2010/lo...", FALSE)
#19 /homepages/41/d483464789/htdocs/membership/wp-includes/general-template.php(132): locate_template((Array:2), TRUE, FALSE)
#20 /homepages/41/d483464789/htdocs/membership/wp-content/themes/HighEdWeb2010/page.php(20): get_template_part("loop", "page")
#21 /homepages/41/d483464789/htdocs/membership/wp-includes/template-loader.php(74): include("/homepages/41/d483464789/htdocs/membership/wp-content/themes/HighEdWeb2010/pa...")
#22 /homepages/41/d483464789/htdocs/membership/wp-blog-header.php(16): require_once("/homepages/41/d483464789/htdocs/membership/wp-includes/template-loader.php")
#23 /homepages/41/d483464789/htdocs/membership/index.php(17): require("/homepages/41/d483464789/htdocs/membership/wp-blog-header.php")
#24 {main}


Dec 11 14:05:59  [info] $Fatal Error Details = Array
(
    [message] => You do not have permission to access this page
    [code] => 
)


Dec 11 14:05:59  [info] $backTrace = #0 /homepages/41/d483464789/htdocs/membership/wp-content/plugins/civicrm/civicrm/CRM/Core/Error.php(320): CRM_Core_Error::backtrace("backTrace", TRUE)
#1 /homepages/41/d483464789/htdocs/membership/wp-content/plugins/civicrm/civicrm/CRM/Utils/System/WordPress.php(398): CRM_Core_Error::fatal("You do not have permission to access this page")
#2 /homepages/41/d483464789/htdocs/membership/wp-content/plugins/civicrm/civicrm/CRM/Utils/System.php(232): CRM_Utils_System_WordPress->permissionDenied()
#3 /homepages/41/d483464789/htdocs/membership/wp-content/plugins/civicrm/civicrm/CRM/Core/Invoke.php(244): CRM_Utils_System::permissionDenied()
#4 /homepages/41/d483464789/htdocs/membership/wp-content/plugins/civicrm/civicrm/CRM/Core/Invoke.php(72): CRM_Core_Invoke::runItem((Array:15))
#5 /homepages/41/d483464789/htdocs/membership/wp-content/plugins/civicrm/civicrm/CRM/Core/Invoke.php(52): CRM_Core_Invoke::_invoke((Array:3))
#6 /homepages/41/d483464789/htdocs/membership/wp-content/plugins/civicrm/civicrm.php(463): CRM_Core_Invoke::invoke((Array:3))
#7 /homepages/41/d483464789/htdocs/membership/wp-content/plugins/civicrm/civicrm.php(735): CiviCRM_For_WordPress->invoke()
#8 /homepages/41/d483464789/htdocs/membership/wp-content/plugins/civicrm/civicrm.php(1137): CiviCRM_For_WordPress->wp_frontend(TRUE)
#9 [internal function](): CiviCRM_For_WordPress->shortcode_handler((Array:3), "", "civicrm")
#10 /homepages/41/d483464789/htdocs/membership/wp-includes/shortcodes.php(273): call_user_func((Array:2), (Array:3), "", "civicrm")
#11 [internal function](): do_shortcode_tag((Array:7))
#12 /homepages/41/d483464789/htdocs/membership/wp-includes/shortcodes.php(188): preg_replace_callback("/\[(\[?)(embed|wp_caption|caption|gallery|audio|video|civicrm|login\-form|acc...", "do_shortcode_tag", "[civicrm component=\"contribution\" id=\"1\" mode=\"live\"]\n")
#13 [internal function](): do_shortcode("[civicrm component=\"contribution\" id=\"1\" mode=\"live\"]\n")
#14 /homepages/41/d483464789/htdocs/membership/wp-includes/plugin.php(199): call_user_func_array("do_shortcode", (Array:1))
#15 /homepages/41/d483464789/htdocs/membership/wp-includes/post-template.php(166): apply_filters("the_content", "[civicrm component=\"contribution\" id=\"1\" mode=\"live\"]")
#16 /homepages/41/d483464789/htdocs/membership/wp-content/themes/HighEdWeb2010/loop-page.php(24): the_content()
#17 /homepages/41/d483464789/htdocs/membership/wp-includes/template.php(443): require("/homepages/41/d483464789/htdocs/membership/wp-content/themes/HighEdWeb2010/lo...")
#18 /homepages/41/d483464789/htdocs/membership/wp-includes/template.php(417): load_template("/homepages/41/d483464789/htdocs/membership/wp-content/themes/HighEdWeb2010/lo...", FALSE)
#19 /homepages/41/d483464789/htdocs/membership/wp-includes/general-template.php(132): locate_template((Array:2), TRUE, FALSE)
#20 /homepages/41/d483464789/htdocs/membership/wp-content/themes/HighEdWeb2010/page.php(20): get_template_part("loop", "page")
#21 /homepages/41/d483464789/htdocs/membership/wp-includes/template-loader.php(74): include("/homepages/41/d483464789/htdocs/membership/wp-content/themes/HighEdWeb2010/pa...")
#22 /homepages/41/d483464789/htdocs/membership/wp-blog-header.php(16): require_once("/homepages/41/d483464789/htdocs/membership/wp-includes/template-loader.php")
#23 /homepages/41/d483464789/htdocs/membership/index.php(17): require("/homepages/41/d483464789/htdocs/membership/wp-blog-header.php")
#24 {main}


Dec 11 14:59:01  [info] $Fatal Error Details = Array
(
    [message] => The requested Profile (gid=13) is disabled OR it is not configured to be used for 'Profile' listings in its Settings OR there is no Profile with that ID OR you do not have permission to access this profile. Please contact the site administrator if you need assistance.
    [code] => 
)


Dec 11 14:59:01  [info] $backTrace = #0 /homepages/41/d483464789/htdocs/membership/wp-content/plugins/civicrm/civicrm/CRM/Core/Error.php(320): CRM_Core_Error::backtrace("backTrace", TRUE)
#1 /homepages/41/d483464789/htdocs/membership/wp-content/plugins/civicrm/civicrm/CRM/Core/BAO/UFGroup.php(338): CRM_Core_Error::fatal("The requested Profile (gid=13) is disabled OR it is not configured to be used...")
#2 /homepages/41/d483464789/htdocs/membership/wp-content/plugins/civicrm/civicrm/CRM/Contribute/Form/ContributionBase.php(667): CRM_Core_BAO_UFGroup::getFields("13", FALSE, 1, NULL, NULL, FALSE, NULL, FALSE, NULL, 4, NULL)
#3 /homepages/41/d483464789/htdocs/membership/wp-content/plugins/civicrm/civicrm/CRM/Contribute/Form/Contribution/Main.php(337): CRM_Contribute_Form_ContributionBase->buildCustom("13", "customPre")
#4 /homepages/41/d483464789/htdocs/membership/wp-content/plugins/civicrm/civicrm/CRM/Core/Form.php(367): CRM_Contribute_Form_Contribution_Main->buildQuickForm()
#5 /homepages/41/d483464789/htdocs/membership/wp-content/plugins/civicrm/civicrm/CRM/Core/QuickForm/Action/Display.php(93): CRM_Core_Form->buildForm()
#6 /homepages/41/d483464789/htdocs/membership/wp-content/plugins/civicrm/civicrm/packages/HTML/QuickForm/Controller.php(203): CRM_Core_QuickForm_Action_Display->perform(Object(CRM_Contribute_Form_Contribution_Main), "display")
#7 /homepages/41/d483464789/htdocs/membership/wp-content/plugins/civicrm/civicrm/packages/HTML/QuickForm/Page.php(103): HTML_QuickForm_Controller->handle(Object(CRM_Contribute_Form_Contribution_Main), "display")
#8 /homepages/41/d483464789/htdocs/membership/wp-content/plugins/civicrm/civicrm/CRM/Core/Controller.php(345): HTML_QuickForm_Page->handle("display")
#9 /homepages/41/d483464789/htdocs/membership/wp-content/plugins/civicrm/civicrm/CRM/Core/Invoke.php(323): CRM_Core_Controller->run((Array:3), NULL)
#10 /homepages/41/d483464789/htdocs/membership/wp-content/plugins/civicrm/civicrm/CRM/Core/Invoke.php(72): CRM_Core_Invoke::runItem((Array:15))
#11 /homepages/41/d483464789/htdocs/membership/wp-content/plugins/civicrm/civicrm/CRM/Core/Invoke.php(52): CRM_Core_Invoke::_invoke((Array:3))
#12 /homepages/41/d483464789/htdocs/membership/wp-content/plugins/civicrm/civicrm.php(463): CRM_Core_Invoke::invoke((Array:3))
#13 /homepages/41/d483464789/htdocs/membership/wp-content/plugins/civicrm/civicrm.php(735): CiviCRM_For_WordPress->invoke()
#14 /homepages/41/d483464789/htdocs/membership/wp-content/plugins/civicrm/civicrm.php(1137): CiviCRM_For_WordPress->wp_frontend(TRUE)
#15 [internal function](): CiviCRM_For_WordPress->shortcode_handler((Array:3), "", "civicrm")
#16 /homepages/41/d483464789/htdocs/membership/wp-includes/shortcodes.php(273): call_user_func((Array:2), (Array:3), "", "civicrm")
#17 [internal function](): do_shortcode_tag((Array:7))
#18 /homepages/41/d483464789/htdocs/membership/wp-includes/shortcodes.php(188): preg_replace_callback("/\[(\[?)(embed|wp_caption|caption|gallery|audio|video|civicrm|login\-form|acc...", "do_shortcode_tag", "[civicrm component=\"contribution\" id=\"1\" mode=\"live\"]\n")
#19 [internal function](): do_shortcode("[civicrm component=\"contribution\" id=\"1\" mode=\"live\"]\n")
#20 /homepages/41/d483464789/htdocs/membership/wp-includes/plugin.php(199): call_user_func_array("do_shortcode", (Array:1))
#21 /homepages/41/d483464789/htdocs/membership/wp-includes/post-template.php(166): apply_filters("the_content", "[civicrm component=\"contribution\" id=\"1\" mode=\"live\"]")
#22 /homepages/41/d483464789/htdocs/membership/wp-content/themes/HighEdWeb2010/loop-page.php(24): the_content()
#23 /homepages/41/d483464789/htdocs/membership/wp-includes/template.php(443): require("/homepages/41/d483464789/htdocs/membership/wp-content/themes/HighEdWeb2010/lo...")
#24 /homepages/41/d483464789/htdocs/membership/wp-includes/template.php(417): load_template("/homepages/41/d483464789/htdocs/membership/wp-content/themes/HighEdWeb2010/lo...", FALSE)
#25 /homepages/41/d483464789/htdocs/membership/wp-includes/general-template.php(132): locate_template((Array:2), TRUE, FALSE)
#26 /homepages/41/d483464789/htdocs/membership/wp-content/themes/HighEdWeb2010/page.php(20): get_template_part("loop", "page")
#27 /homepages/41/d483464789/htdocs/membership/wp-includes/template-loader.php(74): include("/homepages/41/d483464789/htdocs/membership/wp-content/themes/HighEdWeb2010/pa...")
#28 /homepages/41/d483464789/htdocs/membership/wp-blog-header.php(16): require_once("/homepages/41/d483464789/htdocs/membership/wp-includes/template-loader.php")
#29 /homepages/41/d483464789/htdocs/membership/index.php(17): require("/homepages/41/d483464789/htdocs/membership/wp-blog-header.php")
#30 {main}


Dec 11 15:01:56  [info] $Fatal Error Details = Array
(
    [message] => The requested Profile (gid=13) is disabled OR it is not configured to be used for 'Profile' listings in its Settings OR there is no Profile with that ID OR you do not have permission to access this profile. Please contact the site administrator if you need assistance.
    [code] => 
)


Dec 11 15:01:56  [info] $backTrace = #0 /homepages/41/d483464789/htdocs/membership/wp-content/plugins/civicrm/civicrm/CRM/Core/Error.php(320): CRM_Core_Error::backtrace("backTrace", TRUE)
#1 /homepages/41/d483464789/htdocs/membership/wp-content/plugins/civicrm/civicrm/CRM/Core/BAO/UFGroup.php(338): CRM_Core_Error::fatal("The requested Profile (gid=13) is disabled OR it is not configured to be used...")
#2 /homepages/41/d483464789/htdocs/membership/wp-content/plugins/civicrm/civicrm/CRM/Contribute/Form/ContributionBase.php(667): CRM_Core_BAO_UFGroup::getFields("13", FALSE, 1, NULL, NULL, FALSE, NULL, FALSE, NULL, 4, NULL)
#3 /homepages/41/d483464789/htdocs/membership/wp-content/plugins/civicrm/civicrm/CRM/Contribute/Form/Contribution/Main.php(337): CRM_Contribute_Form_ContributionBase->buildCustom("13", "customPre")
#4 /homepages/41/d483464789/htdocs/membership/wp-content/plugins/civicrm/civicrm/CRM/Core/Form.php(367): CRM_Contribute_Form_Contribution_Main->buildQuickForm()
#5 /homepages/41/d483464789/htdocs/membership/wp-content/plugins/civicrm/civicrm/CRM/Core/QuickForm/Action/Display.php(93): CRM_Core_Form->buildForm()
#6 /homepages/41/d483464789/htdocs/membership/wp-content/plugins/civicrm/civicrm/packages/HTML/QuickForm/Controller.php(203): CRM_Core_QuickForm_Action_Display->perform(Object(CRM_Contribute_Form_Contribution_Main), "display")
#7 /homepages/41/d483464789/htdocs/membership/wp-content/plugins/civicrm/civicrm/packages/HTML/QuickForm/Page.php(103): HTML_QuickForm_Controller->handle(Object(CRM_Contribute_Form_Contribution_Main), "display")
#8 /homepages/41/d483464789/htdocs/membership/wp-content/plugins/civicrm/civicrm/CRM/Core/Controller.php(345): HTML_QuickForm_Page->handle("display")
#9 /homepages/41/d483464789/htdocs/membership/wp-content/plugins/civicrm/civicrm/CRM/Core/Invoke.php(323): CRM_Core_Controller->run((Array:3), NULL)
#10 /homepages/41/d483464789/htdocs/membership/wp-content/plugins/civicrm/civicrm/CRM/Core/Invoke.php(72): CRM_Core_Invoke::runItem((Array:15))
#11 /homepages/41/d483464789/htdocs/membership/wp-content/plugins/civicrm/civicrm/CRM/Core/Invoke.php(52): CRM_Core_Invoke::_invoke((Array:3))
#12 /homepages/41/d483464789/htdocs/membership/wp-content/plugins/civicrm/civicrm.php(463): CRM_Core_Invoke::invoke((Array:3))
#13 /homepages/41/d483464789/htdocs/membership/wp-content/plugins/civicrm/civicrm.php(735): CiviCRM_For_WordPress->invoke()
#14 /homepages/41/d483464789/htdocs/membership/wp-content/plugins/civicrm/civicrm.php(1137): CiviCRM_For_WordPress->wp_frontend(TRUE)
#15 [internal function](): CiviCRM_For_WordPress->shortcode_handler((Array:3), "", "civicrm")
#16 /homepages/41/d483464789/htdocs/membership/wp-includes/shortcodes.php(273): call_user_func((Array:2), (Array:3), "", "civicrm")
#17 [internal function](): do_shortcode_tag((Array:7))
#18 /homepages/41/d483464789/htdocs/membership/wp-includes/shortcodes.php(188): preg_replace_callback("/\[(\[?)(embed|wp_caption|caption|gallery|audio|video|civicrm|login\-form|acc...", "do_shortcode_tag", "[civicrm component=\"contribution\" id=\"1\" mode=\"live\"]\n")
#19 [internal function](): do_shortcode("[civicrm component=\"contribution\" id=\"1\" mode=\"live\"]\n")
#20 /homepages/41/d483464789/htdocs/membership/wp-includes/plugin.php(199): call_user_func_array("do_shortcode", (Array:1))
#21 /homepages/41/d483464789/htdocs/membership/wp-includes/post-template.php(166): apply_filters("the_content", "[civicrm component=\"contribution\" id=\"1\" mode=\"live\"]")
#22 /homepages/41/d483464789/htdocs/membership/wp-content/themes/HighEdWeb2010/loop-page.php(24): the_content()
#23 /homepages/41/d483464789/htdocs/membership/wp-includes/template.php(443): require("/homepages/41/d483464789/htdocs/membership/wp-content/themes/HighEdWeb2010/lo...")
#24 /homepages/41/d483464789/htdocs/membership/wp-includes/template.php(417): load_template("/homepages/41/d483464789/htdocs/membership/wp-content/themes/HighEdWeb2010/lo...", FALSE)
#25 /homepages/41/d483464789/htdocs/membership/wp-includes/general-template.php(132): locate_template((Array:2), TRUE, FALSE)
#26 /homepages/41/d483464789/htdocs/membership/wp-content/themes/HighEdWeb2010/page.php(20): get_template_part("loop", "page")
#27 /homepages/41/d483464789/htdocs/membership/wp-includes/template-loader.php(74): include("/homepages/41/d483464789/htdocs/membership/wp-content/themes/HighEdWeb2010/pa...")
#28 /homepages/41/d483464789/htdocs/membership/wp-blog-header.php(16): require_once("/homepages/41/d483464789/htdocs/membership/wp-includes/template-loader.php")
#29 /homepages/41/d483464789/htdocs/membership/index.php(17): require("/homepages/41/d483464789/htdocs/membership/wp-blog-header.php")
#30 {main}


Dec 11 15:15:47  [info] $Fatal Error Details = Array
(
    [message] => The requested Profile (gid=13) is disabled OR it is not configured to be used for 'Profile' listings in its Settings OR there is no Profile with that ID OR you do not have permission to access this profile. Please contact the site administrator if you need assistance.
    [code] => 
)


Dec 11 15:15:47  [info] $backTrace = #0 /homepages/41/d483464789/htdocs/membership/wp-content/plugins/civicrm/civicrm/CRM/Core/Error.php(320): CRM_Core_Error::backtrace("backTrace", TRUE)
#1 /homepages/41/d483464789/htdocs/membership/wp-content/plugins/civicrm/civicrm/CRM/Core/BAO/UFGroup.php(338): CRM_Core_Error::fatal("The requested Profile (gid=13) is disabled OR it is not configured to be used...")
#2 /homepages/41/d483464789/htdocs/membership/wp-content/plugins/civicrm/civicrm/CRM/Contribute/Form/ContributionBase.php(667): CRM_Core_BAO_UFGroup::getFields("13", FALSE, 1, NULL, NULL, FALSE, NULL, FALSE, NULL, 4, NULL)
#3 /homepages/41/d483464789/htdocs/membership/wp-content/plugins/civicrm/civicrm/CRM/Contribute/Form/Contribution/Main.php(337): CRM_Contribute_Form_ContributionBase->buildCustom("13", "customPre")
#4 /homepages/41/d483464789/htdocs/membership/wp-content/plugins/civicrm/civicrm/CRM/Core/Form.php(367): CRM_Contribute_Form_Contribution_Main->buildQuickForm()
#5 /homepages/41/d483464789/htdocs/membership/wp-content/plugins/civicrm/civicrm/CRM/Core/QuickForm/Action/Display.php(93): CRM_Core_Form->buildForm()
#6 /homepages/41/d483464789/htdocs/membership/wp-content/plugins/civicrm/civicrm/packages/HTML/QuickForm/Controller.php(203): CRM_Core_QuickForm_Action_Display->perform(Object(CRM_Contribute_Form_Contribution_Main), "display")
#7 /homepages/41/d483464789/htdocs/membership/wp-content/plugins/civicrm/civicrm/packages/HTML/QuickForm/Page.php(103): HTML_QuickForm_Controller->handle(Object(CRM_Contribute_Form_Contribution_Main), "display")
#8 /homepages/41/d483464789/htdocs/membership/wp-content/plugins/civicrm/civicrm/CRM/Core/Controller.php(345): HTML_QuickForm_Page->handle("display")
#9 /homepages/41/d483464789/htdocs/membership/wp-content/plugins/civicrm/civicrm/CRM/Core/Invoke.php(323): CRM_Core_Controller->run((Array:3), NULL)
#10 /homepages/41/d483464789/htdocs/membership/wp-content/plugins/civicrm/civicrm/CRM/Core/Invoke.php(72): CRM_Core_Invoke::runItem((Array:15))
#11 /homepages/41/d483464789/htdocs/membership/wp-content/plugins/civicrm/civicrm/CRM/Core/Invoke.php(52): CRM_Core_Invoke::_invoke((Array:3))
#12 /homepages/41/d483464789/htdocs/membership/wp-content/plugins/civicrm/civicrm.php(463): CRM_Core_Invoke::invoke((Array:3))
#13 /homepages/41/d483464789/htdocs/membership/wp-content/plugins/civicrm/civicrm.php(735): CiviCRM_For_WordPress->invoke()
#14 /homepages/41/d483464789/htdocs/membership/wp-content/plugins/civicrm/civicrm.php(1137): CiviCRM_For_WordPress->wp_frontend(TRUE)
#15 [internal function](): CiviCRM_For_WordPress->shortcode_handler((Array:3), "", "civicrm")
#16 /homepages/41/d483464789/htdocs/membership/wp-includes/shortcodes.php(273): call_user_func((Array:2), (Array:3), "", "civicrm")
#17 [internal function](): do_shortcode_tag((Array:7))
#18 /homepages/41/d483464789/htdocs/membership/wp-includes/shortcodes.php(188): preg_replace_callback("/\[(\[?)(embed|wp_caption|caption|gallery|audio|video|civicrm|login\-form|acc...", "do_shortcode_tag", "[civicrm component=\"contribution\" id=\"1\" mode=\"live\"]\n")
#19 [internal function](): do_shortcode("[civicrm component=\"contribution\" id=\"1\" mode=\"live\"]\n")
#20 /homepages/41/d483464789/htdocs/membership/wp-includes/plugin.php(199): call_user_func_array("do_shortcode", (Array:1))
#21 /homepages/41/d483464789/htdocs/membership/wp-includes/post-template.php(166): apply_filters("the_content", "[civicrm component=\"contribution\" id=\"1\" mode=\"live\"]")
#22 /homepages/41/d483464789/htdocs/membership/wp-content/themes/HighEdWeb2010/loop-page.php(24): the_content()
#23 /homepages/41/d483464789/htdocs/membership/wp-includes/template.php(443): require("/homepages/41/d483464789/htdocs/membership/wp-content/themes/HighEdWeb2010/lo...")
#24 /homepages/41/d483464789/htdocs/membership/wp-includes/template.php(417): load_template("/homepages/41/d483464789/htdocs/membership/wp-content/themes/HighEdWeb2010/lo...", FALSE)
#25 /homepages/41/d483464789/htdocs/membership/wp-includes/general-template.php(132): locate_template((Array:2), TRUE, FALSE)
#26 /homepages/41/d483464789/htdocs/membership/wp-content/themes/HighEdWeb2010/page.php(20): get_template_part("loop", "page")
#27 /homepages/41/d483464789/htdocs/membership/wp-includes/template-loader.php(74): include("/homepages/41/d483464789/htdocs/membership/wp-content/themes/HighEdWeb2010/pa...")
#28 /homepages/41/d483464789/htdocs/membership/wp-blog-header.php(16): require_once("/homepages/41/d483464789/htdocs/membership/wp-includes/template-loader.php")
#29 /homepages/41/d483464789/htdocs/membership/index.php(17): require("/homepages/41/d483464789/htdocs/membership/wp-blog-header.php")
#30 {main}


Dec 11 11:21:13  [info] Could not find contribution record: 210 in IPN request: Array
(
    [component] => contribute
    [txnType] => web_accept
    [paymentStatus] => Completed
    [invoice] => 294d6da8acdb992ede7a5197a582acf7
    [amount] => 50.00
    [reasonCode] => 
    [first_name] => Jason
    [last_name] => Woodward
    [street_address-5] => 
    [city-5] => 
    [state-5] => 
    [postal_code-5] => 
    [country-5] => 
    [is_test] => 
    [fee_amount] => 1.75
    [net_amount] => 
    [trxn_id] => 5EV78290868009037
)


